<?xml version="1.0" encoding="UTF-8"?>
<testsuite name="GravityHandlerTest" tests="3" skipped="0" failures="0" errors="0" timestamp="2026-01-13T06:05:35.236Z" hostname="SINA-PC" time="0.001">
  <properties/>
  <testcase name="addPiece" classname="GravityHandlerTest" time="0.001"/>
  <testcase name="findLowest" classname="GravityHandlerTest" time="0.0"/>
  <testcase name="isValidMove" classname="GravityHandlerTest" time="0.0"/>
  <system-out><![CDATA[1000000
1000000
1000000
1000000
1220000
1111000
Placement of  disc in the column with its x-coordinate as：3Can continue to place a disc 
Cannot place another disc in column 7
]]></system-out>
  <system-err><![CDATA[]]></system-err>
</testsuite>
