<?xml version="1.0" encoding="UTF-8"?>
<testsuite name="BoardHandlerTest" tests="13" skipped="0" failures="0" errors="0" timestamp="2026-01-15T19:21:35.320Z" hostname="SINA-PC" time="0.01">
  <properties/>
  <testcase name="nextMoveAfterWin" classname="BoardHandlerTest" time="0.002"/>
  <testcase name="pieceCounter" classname="BoardHandlerTest" time="0.0"/>
  <testcase name="nextMoveNoMoves" classname="BoardHandlerTest" time="0.0"/>
  <testcase name="placePiece" classname="BoardHandlerTest" time="0.001"/>
  <testcase name="findLowestRow" classname="BoardHandlerTest" time="0.0"/>
  <testcase name="testWinningMovePriority" classname="BoardHandlerTest" time="0.0"/>
  <testcase name="dump" classname="BoardHandlerTest" time="0.0"/>
  <testcase name="checkForWin" classname="BoardHandlerTest" time="0.0"/>
  <testcase name="rateLine" classname="BoardHandlerTest" time="0.0"/>
  <testcase name="testBlockingMove" classname="BoardHandlerTest" time="0.001"/>
  <testcase name="evalBoard" classname="BoardHandlerTest" time="0.001"/>
  <testcase name="nextMove" classname="BoardHandlerTest" time="0.001"/>
  <testcase name="findBestMove" classname="BoardHandlerTest" time="0.0"/>
  <system-out><![CDATA[Move after win: 0
1
Move on full board: -1
Util.Board starting state-------
0000000
0000000
0000000
0000000
0000000
0000000


0000000
0000000
0000000
0000000
0000000
0000000


State after user 1 places a disc in the first column
0000000
0000000
0000000
0000000
0000000
0010000


0000000
0000000
0000000
0000000
0000000
0020000


The x-coordinate to place the next disc on the current board is：5
0000000
0000000
0000000
0000000
0000000
0000000


0000000
0000000
0000000
0000000
0000000
0000000


Go on !!!
-5
Board state before suggestion:
0000000
0000000
0000000
0000000
0000000
2220000


0000000
0000000
0000000
0000000
0000000
1110000


Suggested move for Red: 3
Points earned：100
Starting state of the board
0000000
0000000
0000000
0000000
0000000
0000000


0000000
0000000
0000000
0000000
0000000
0000000


The next landing position is：0
The most winnable column is:6
]]></system-out>
  <system-err><![CDATA[]]></system-err>
</testsuite>
